mode: set
github.com/FabioH7/awesome-api/main.go:13.13,15.43 2 0
github.com/FabioH7/awesome-api/main.go:15.43,17.3 1 0
github.com/FabioH7/awesome-api/main.go:18.2,21.57 2 0
github.com/FabioH7/awesome-api/main.go:24.32,34.2 4 1
github.com/FabioH7/awesome-api/main.go:36.65,44.2 2 1
github.com/FabioH7/awesome-api/main.go:46.59,54.25 4 1
github.com/FabioH7/awesome-api/main.go:55.9,57.17 1 1
github.com/FabioH7/awesome-api/main.go:58.10,60.23 1 1
github.com/FabioH7/awesome-api/main.go:64.2,64.16 1 1
github.com/FabioH7/awesome-api/main.go:64.16,67.3 2 1
github.com/FabioH7/awesome-api/main.go:70.2,73.56 2 1
