mode: set
github.com/Lestt/awesome-api/main.go:13.13,15.44 2 0
github.com/Lestt/awesome-api/main.go:18.3,21.58 2 0
github.com/Lestt/awesome-api/main.go:15.44,17.4 1 0
github.com/Lestt/awesome-api/main.go:24.32,36.2 5 0
github.com/Lestt/awesome-api/main.go:38.65,46.2 2 0
github.com/Lestt/awesome-api/main.go:48.59,56.26 4 1
github.com/Lestt/awesome-api/main.go:66.3,66.17 1 1
github.com/Lestt/awesome-api/main.go:72.3,75.57 2 1
github.com/Lestt/awesome-api/main.go:57.13,59.22 1 1
github.com/Lestt/awesome-api/main.go:60.14,62.28 1 1
github.com/Lestt/awesome-api/main.go:66.17,69.4 2 1
